<?xml version="1.0" encoding="UTF-8"?>
<testng-results total="1" passed="1" failed="0" skipped="0">
  <reporter-output>
  </reporter-output>
  <suite started-at="2019-08-28T16:10:33Z" name="Suite" finished-at="2019-08-28T16:10:48Z" duration-ms="14727">
    <groups>
    </groups>
    <test started-at="2019-08-28T16:10:33Z" name="Test" finished-at="2019-08-28T16:10:48Z" duration-ms="14727">
      <class name="example.NewTest">
        <test-method is-config="true" signature="beforeClass()[pri:0, instance:example.NewTest@1ee807c6]" started-at="2019-08-28T21:40:33Z" name="beforeClass" finished-at="2019-08-28T21:40:38Z" duration-ms="5123" status="PASS">
          <reporter-output>
          </reporter-output>
        </test-method> <!-- beforeClass -->
        <test-method signature="open()[pri:0, instance:example.NewTest@1ee807c6]" started-at="2019-08-28T21:40:38Z" name="open" finished-at="2019-08-28T21:40:48Z" duration-ms="9542" status="PASS">
          <reporter-output>
          </reporter-output>
        </test-method> <!-- open -->
        <test-method is-config="true" signature="afterClass()[pri:0, instance:example.NewTest@1ee807c6]" started-at="2019-08-28T21:40:48Z" name="afterClass" finished-at="2019-08-28T21:40:48Z" duration-ms="0" status="PASS">
          <reporter-output>
          </reporter-output>
        </test-method> <!-- afterClass -->
      </class> <!-- example.NewTest -->
    </test> <!-- Test -->
  </suite> <!-- Suite -->
</testng-results>
