<?xml version="1.0" encoding="UTF-8"?>
<testng-results skipped="0" failed="0" total="1" passed="1">
  <reporter-output>
  </reporter-output>
  <suite name="Suite" duration-ms="15424" started-at="2019-08-28T07:35:32Z" finished-at="2019-08-28T07:35:47Z">
    <groups>
    </groups>
    <test name="Test" duration-ms="15424" started-at="2019-08-28T07:35:32Z" finished-at="2019-08-28T07:35:47Z">
      <class name="example.NewTest">
        <test-method status="PASS" signature="beforeClass()[pri:0, instance:example.NewTest@3a03464]" name="beforeClass" is-config="true" duration-ms="3468" started-at="2019-08-28T13:05:32Z" finished-at="2019-08-28T13:05:36Z">
          <reporter-output>
          </reporter-output>
        </test-method> <!-- beforeClass -->
        <test-method status="PASS" signature="open()[pri:0, instance:example.NewTest@3a03464]" name="open" duration-ms="11944" started-at="2019-08-28T13:05:36Z" finished-at="2019-08-28T13:05:47Z">
          <reporter-output>
          </reporter-output>
        </test-method> <!-- open -->
        <test-method status="PASS" signature="afterClass()[pri:0, instance:example.NewTest@3a03464]" name="afterClass" is-config="true" duration-ms="1" started-at="2019-08-28T13:05:47Z" finished-at="2019-08-28T13:05:47Z">
          <reporter-output>
          </reporter-output>
        </test-method> <!-- afterClass -->
      </class> <!-- example.NewTest -->
    </test> <!-- Test -->
  </suite> <!-- Suite -->
</testng-results>
