<?xml version="1.0" encoding="UTF-8"?>
<testng-results skipped="0" failed="0" total="1" passed="1">
  <reporter-output>
  </reporter-output>
  <suite name="Suite" duration-ms="203699" started-at="2019-08-28T14:27:14Z" finished-at="2019-08-28T14:30:37Z">
    <groups>
    </groups>
    <test name="Test" duration-ms="203699" started-at="2019-08-28T14:27:14Z" finished-at="2019-08-28T14:30:37Z">
      <class name="example.NewTest">
        <test-method status="PASS" signature="beforeClass()[pri:0, instance:example.NewTest@c038203]" name="beforeClass" is-config="true" duration-ms="16663" started-at="2019-08-28T19:57:14Z" finished-at="2019-08-28T19:57:30Z">
          <reporter-output>
          </reporter-output>
        </test-method> <!-- beforeClass -->
        <test-method status="PASS" signature="open()[pri:0, instance:example.NewTest@c038203]" name="open" duration-ms="186970" started-at="2019-08-28T19:57:30Z" finished-at="2019-08-28T20:00:37Z">
          <reporter-output>
          </reporter-output>
        </test-method> <!-- open -->
        <test-method status="PASS" signature="afterClass()[pri:0, instance:example.NewTest@c038203]" name="afterClass" is-config="true" duration-ms="0" started-at="2019-08-28T20:00:37Z" finished-at="2019-08-28T20:00:37Z">
          <reporter-output>
          </reporter-output>
        </test-method> <!-- afterClass -->
      </class> <!-- example.NewTest -->
    </test> <!-- Test -->
  </suite> <!-- Suite -->
</testng-results>
